  GameNode.cpp
D:\_git\ngp\WinAPI-지뢰 찾기와 오목\CommonMacroFunction.h(23,20): warning C4838: 'float'에서 'LONG'(으)로의 변환에는 축소 변환이 필요합니다.
D:\_git\ngp\WinAPI-지뢰 찾기와 오목\CommonMacroFunction.h(23,20): warning C4244: '초기화 중': 'float'에서 'LONG'(으)로 변환하면서 데이터가 손실될 수 있습니다.
D:\_git\ngp\WinAPI-지뢰 찾기와 오목\CommonMacroFunction.h(23,30): warning C4838: 'float'에서 'LONG'(으)로의 변환에는 축소 변환이 필요합니다.
D:\_git\ngp\WinAPI-지뢰 찾기와 오목\CommonMacroFunction.h(23,30): warning C4244: '초기화 중': 'float'에서 'LONG'(으)로 변환하면서 데이터가 손실될 수 있습니다.
D:\_git\ngp\WinAPI-지뢰 찾기와 오목\CommonMacroFunction.h(46,16): warning C4838: 'float'에서 'LONG'(으)로의 변환에는 축소 변환이 필요합니다.
D:\_git\ngp\WinAPI-지뢰 찾기와 오목\CommonMacroFunction.h(46,16): warning C4244: '초기화 중': 'float'에서 'LONG'(으)로 변환하면서 데이터가 손실될 수 있습니다.
D:\_git\ngp\WinAPI-지뢰 찾기와 오목\CommonMacroFunction.h(46,31): warning C4838: 'float'에서 'LONG'(으)로의 변환에는 축소 변환이 필요합니다.
D:\_git\ngp\WinAPI-지뢰 찾기와 오목\CommonMacroFunction.h(46,31): warning C4244: '초기화 중': 'float'에서 'LONG'(으)로 변환하면서 데이터가 손실될 수 있습니다.
D:\_git\ngp\WinAPI-지뢰 찾기와 오목\CommonMacroFunction.h(47,5): warning C4838: 'float'에서 'LONG'(으)로의 변환에는 축소 변환이 필요합니다.
D:\_git\ngp\WinAPI-지뢰 찾기와 오목\CommonMacroFunction.h(47,5): warning C4244: '초기화 중': 'float'에서 'LONG'(으)로 변환하면서 데이터가 손실될 수 있습니다.
D:\_git\ngp\WinAPI-지뢰 찾기와 오목\CommonMacroFunction.h(47,20): warning C4838: 'float'에서 'LONG'(으)로의 변환에는 축소 변환이 필요합니다.
D:\_git\ngp\WinAPI-지뢰 찾기와 오목\CommonMacroFunction.h(47,20): warning C4244: '초기화 중': 'float'에서 'LONG'(으)로 변환하면서 데이터가 손실될 수 있습니다.
D:\_git\ngp\WinAPI-지뢰 찾기와 오목\Image.h(149,31): warning C4244: '인수': 'float'에서 'int'(으)로 변환하면서 데이터가 손실될 수 있습니다.
D:\_git\ngp\WinAPI-지뢰 찾기와 오목\Image.h(149,15): warning C4244: '인수': 'float'에서 'int'(으)로 변환하면서 데이터가 손실될 수 있습니다.
D:\_git\ngp\WinAPI-지뢰 찾기와 오목\Image.h(159,31): warning C4244: '인수': 'float'에서 'int'(으)로 변환하면서 데이터가 손실될 수 있습니다.
  Image.cpp
D:\_git\ngp\WinAPI-지뢰 찾기와 오목\Image.h(159,15): warning C4244: '인수': 'float'에서 'int'(으)로 변환하면서 데이터가 손실될 수 있습니다.
D:\_git\ngp\WinAPI-지뢰 찾기와 오목\CommonMacroFunction.h(23,20): warning C4838: 'float'에서 'LONG'(으)로의 변환에는 축소 변환이 필요합니다.
D:\_git\ngp\WinAPI-지뢰 찾기와 오목\CommonMacroFunction.h(23,20): warning C4244: '초기화 중': 'float'에서 'LONG'(으)로 변환하면서 데이터가 손실될 수 있습니다.
D:\_git\ngp\WinAPI-지뢰 찾기와 오목\CommonMacroFunction.h(23,30): warning C4838: 'float'에서 'LONG'(으)로의 변환에는 축소 변환이 필요합니다.
D:\_git\ngp\WinAPI-지뢰 찾기와 오목\CommonMacroFunction.h(23,30): warning C4244: '초기화 중': 'float'에서 'LONG'(으)로 변환하면서 데이터가 손실될 수 있습니다.
D:\_git\ngp\WinAPI-지뢰 찾기와 오목\CommonMacroFunction.h(46,16): warning C4838: 'float'에서 'LONG'(으)로의 변환에는 축소 변환이 필요합니다.
D:\_git\ngp\WinAPI-지뢰 찾기와 오목\CommonMacroFunction.h(46,16): warning C4244: '초기화 중': 'float'에서 'LONG'(으)로 변환하면서 데이터가 손실될 수 있습니다.
D:\_git\ngp\WinAPI-지뢰 찾기와 오목\CommonMacroFunction.h(46,31): warning C4838: 'float'에서 'LONG'(으)로의 변환에는 축소 변환이 필요합니다.
D:\_git\ngp\WinAPI-지뢰 찾기와 오목\CommonMacroFunction.h(46,31): warning C4244: '초기화 중': 'float'에서 'LONG'(으)로 변환하면서 데이터가 손실될 수 있습니다.
D:\_git\ngp\WinAPI-지뢰 찾기와 오목\CommonMacroFunction.h(47,5): warning C4838: 'float'에서 'LONG'(으)로의 변환에는 축소 변환이 필요합니다.
D:\_git\ngp\WinAPI-지뢰 찾기와 오목\CommonMacroFunction.h(47,5): warning C4244: '초기화 중': 'float'에서 'LONG'(으)로 변환하면서 데이터가 손실될 수 있습니다.
D:\_git\ngp\WinAPI-지뢰 찾기와 오목\CommonMacroFunction.h(47,20): warning C4838: 'float'에서 'LONG'(으)로의 변환에는 축소 변환이 필요합니다.
D:\_git\ngp\WinAPI-지뢰 찾기와 오목\CommonMacroFunction.h(47,20): warning C4244: '초기화 중': 'float'에서 'LONG'(으)로 변환하면서 데이터가 손실될 수 있습니다.
D:\_git\ngp\WinAPI-지뢰 찾기와 오목\Image.h(149,31): warning C4244: '인수': 'float'에서 'int'(으)로 변환하면서 데이터가 손실될 수 있습니다.
D:\_git\ngp\WinAPI-지뢰 찾기와 오목\Image.h(149,15): warning C4244: '인수': 'float'에서 'int'(으)로 변환하면서 데이터가 손실될 수 있습니다.
D:\_git\ngp\WinAPI-지뢰 찾기와 오목\Image.h(159,31): warning C4244: '인수': 'float'에서 'int'(으)로 변환하면서 데이터가 손실될 수 있습니다.
  KeyManager.cpp
D:\_git\ngp\WinAPI-지뢰 찾기와 오목\Image.h(159,15): warning C4244: '인수': 'float'에서 'int'(으)로 변환하면서 데이터가 손실될 수 있습니다.
D:\_git\ngp\WinAPI-지뢰 찾기와 오목\CommonMacroFunction.h(23,20): warning C4838: 'float'에서 'LONG'(으)로의 변환에는 축소 변환이 필요합니다.
D:\_git\ngp\WinAPI-지뢰 찾기와 오목\CommonMacroFunction.h(23,20): warning C4244: '초기화 중': 'float'에서 'LONG'(으)로 변환하면서 데이터가 손실될 수 있습니다.
D:\_git\ngp\WinAPI-지뢰 찾기와 오목\CommonMacroFunction.h(23,30): warning C4838: 'float'에서 'LONG'(으)로의 변환에는 축소 변환이 필요합니다.
D:\_git\ngp\WinAPI-지뢰 찾기와 오목\CommonMacroFunction.h(23,30): warning C4244: '초기화 중': 'float'에서 'LONG'(으)로 변환하면서 데이터가 손실될 수 있습니다.
D:\_git\ngp\WinAPI-지뢰 찾기와 오목\CommonMacroFunction.h(46,16): warning C4838: 'float'에서 'LONG'(으)로의 변환에는 축소 변환이 필요합니다.
D:\_git\ngp\WinAPI-지뢰 찾기와 오목\CommonMacroFunction.h(46,16): warning C4244: '초기화 중': 'float'에서 'LONG'(으)로 변환하면서 데이터가 손실될 수 있습니다.
D:\_git\ngp\WinAPI-지뢰 찾기와 오목\CommonMacroFunction.h(46,31): warning C4838: 'float'에서 'LONG'(으)로의 변환에는 축소 변환이 필요합니다.
D:\_git\ngp\WinAPI-지뢰 찾기와 오목\CommonMacroFunction.h(46,31): warning C4244: '초기화 중': 'float'에서 'LONG'(으)로 변환하면서 데이터가 손실될 수 있습니다.
D:\_git\ngp\WinAPI-지뢰 찾기와 오목\CommonMacroFunction.h(47,5): warning C4838: 'float'에서 'LONG'(으)로의 변환에는 축소 변환이 필요합니다.
D:\_git\ngp\WinAPI-지뢰 찾기와 오목\CommonMacroFunction.h(47,5): warning C4244: '초기화 중': 'float'에서 'LONG'(으)로 변환하면서 데이터가 손실될 수 있습니다.
D:\_git\ngp\WinAPI-지뢰 찾기와 오목\CommonMacroFunction.h(47,20): warning C4838: 'float'에서 'LONG'(으)로의 변환에는 축소 변환이 필요합니다.
  MainGame22.cpp
D:\_git\ngp\WinAPI-지뢰 찾기와 오목\CommonMacroFunction.h(47,20): warning C4244: '초기화 중': 'float'에서 'LONG'(으)로 변환하면서 데이터가 손실될 수 있습니다.
D:\_git\ngp\WinAPI-지뢰 찾기와 오목\CommonMacroFunction.h(23,20): warning C4838: 'float'에서 'LONG'(으)로의 변환에는 축소 변환이 필요합니다.
D:\_git\ngp\WinAPI-지뢰 찾기와 오목\CommonMacroFunction.h(23,20): warning C4244: '초기화 중': 'float'에서 'LONG'(으)로 변환하면서 데이터가 손실될 수 있습니다.
D:\_git\ngp\WinAPI-지뢰 찾기와 오목\CommonMacroFunction.h(23,30): warning C4838: 'float'에서 'LONG'(으)로의 변환에는 축소 변환이 필요합니다.
D:\_git\ngp\WinAPI-지뢰 찾기와 오목\CommonMacroFunction.h(23,30): warning C4244: '초기화 중': 'float'에서 'LONG'(으)로 변환하면서 데이터가 손실될 수 있습니다.
D:\_git\ngp\WinAPI-지뢰 찾기와 오목\CommonMacroFunction.h(46,16): warning C4838: 'float'에서 'LONG'(으)로의 변환에는 축소 변환이 필요합니다.
D:\_git\ngp\WinAPI-지뢰 찾기와 오목\CommonMacroFunction.h(46,16): warning C4244: '초기화 중': 'float'에서 'LONG'(으)로 변환하면서 데이터가 손실될 수 있습니다.
D:\_git\ngp\WinAPI-지뢰 찾기와 오목\CommonMacroFunction.h(46,31): warning C4838: 'float'에서 'LONG'(으)로의 변환에는 축소 변환이 필요합니다.
D:\_git\ngp\WinAPI-지뢰 찾기와 오목\CommonMacroFunction.h(46,31): warning C4244: '초기화 중': 'float'에서 'LONG'(으)로 변환하면서 데이터가 손실될 수 있습니다.
D:\_git\ngp\WinAPI-지뢰 찾기와 오목\CommonMacroFunction.h(47,5): warning C4838: 'float'에서 'LONG'(으)로의 변환에는 축소 변환이 필요합니다.
D:\_git\ngp\WinAPI-지뢰 찾기와 오목\CommonMacroFunction.h(47,5): warning C4244: '초기화 중': 'float'에서 'LONG'(으)로 변환하면서 데이터가 손실될 수 있습니다.
D:\_git\ngp\WinAPI-지뢰 찾기와 오목\CommonMacroFunction.h(47,20): warning C4838: 'float'에서 'LONG'(으)로의 변환에는 축소 변환이 필요합니다.
D:\_git\ngp\WinAPI-지뢰 찾기와 오목\CommonMacroFunction.h(47,20): warning C4244: '초기화 중': 'float'에서 'LONG'(으)로 변환하면서 데이터가 손실될 수 있습니다.
D:\_git\ngp\WinAPI-지뢰 찾기와 오목\Image.h(149,31): warning C4244: '인수': 'float'에서 'int'(으)로 변환하면서 데이터가 손실될 수 있습니다.
D:\_git\ngp\WinAPI-지뢰 찾기와 오목\Image.h(149,15): warning C4244: '인수': 'float'에서 'int'(으)로 변환하면서 데이터가 손실될 수 있습니다.
D:\_git\ngp\WinAPI-지뢰 찾기와 오목\Image.h(159,31): warning C4244: '인수': 'float'에서 'int'(으)로 변환하면서 데이터가 손실될 수 있습니다.
  NonblockTCPServer.cpp
D:\_git\ngp\WinAPI-지뢰 찾기와 오목\Image.h(159,15): warning C4244: '인수': 'float'에서 'int'(으)로 변환하면서 데이터가 손실될 수 있습니다.
D:\_git\ngp\WinAPI-지뢰 찾기와 오목\CommonMacroFunction.h(23,20): warning C4838: 'float'에서 'LONG'(으)로의 변환에는 축소 변환이 필요합니다.
D:\_git\ngp\WinAPI-지뢰 찾기와 오목\CommonMacroFunction.h(23,20): warning C4244: '초기화 중': 'float'에서 'LONG'(으)로 변환하면서 데이터가 손실될 수 있습니다.
D:\_git\ngp\WinAPI-지뢰 찾기와 오목\CommonMacroFunction.h(23,30): warning C4838: 'float'에서 'LONG'(으)로의 변환에는 축소 변환이 필요합니다.
D:\_git\ngp\WinAPI-지뢰 찾기와 오목\CommonMacroFunction.h(23,30): warning C4244: '초기화 중': 'float'에서 'LONG'(으)로 변환하면서 데이터가 손실될 수 있습니다.
D:\_git\ngp\WinAPI-지뢰 찾기와 오목\CommonMacroFunction.h(46,16): warning C4838: 'float'에서 'LONG'(으)로의 변환에는 축소 변환이 필요합니다.
D:\_git\ngp\WinAPI-지뢰 찾기와 오목\CommonMacroFunction.h(46,16): warning C4244: '초기화 중': 'float'에서 'LONG'(으)로 변환하면서 데이터가 손실될 수 있습니다.
D:\_git\ngp\WinAPI-지뢰 찾기와 오목\CommonMacroFunction.h(46,31): warning C4838: 'float'에서 'LONG'(으)로의 변환에는 축소 변환이 필요합니다.
D:\_git\ngp\WinAPI-지뢰 찾기와 오목\CommonMacroFunction.h(46,31): warning C4244: '초기화 중': 'float'에서 'LONG'(으)로 변환하면서 데이터가 손실될 수 있습니다.
D:\_git\ngp\WinAPI-지뢰 찾기와 오목\CommonMacroFunction.h(47,5): warning C4838: 'float'에서 'LONG'(으)로의 변환에는 축소 변환이 필요합니다.
D:\_git\ngp\WinAPI-지뢰 찾기와 오목\CommonMacroFunction.h(47,5): warning C4244: '초기화 중': 'float'에서 'LONG'(으)로 변환하면서 데이터가 손실될 수 있습니다.
D:\_git\ngp\WinAPI-지뢰 찾기와 오목\CommonMacroFunction.h(47,20): warning C4838: 'float'에서 'LONG'(으)로의 변환에는 축소 변환이 필요합니다.
  NoneScene.cpp
D:\_git\ngp\WinAPI-지뢰 찾기와 오목\CommonMacroFunction.h(47,20): warning C4244: '초기화 중': 'float'에서 'LONG'(으)로 변환하면서 데이터가 손실될 수 있습니다.
D:\_git\ngp\WinAPI-지뢰 찾기와 오목\CommonMacroFunction.h(23,20): warning C4838: 'float'에서 'LONG'(으)로의 변환에는 축소 변환이 필요합니다.
D:\_git\ngp\WinAPI-지뢰 찾기와 오목\CommonMacroFunction.h(23,20): warning C4244: '초기화 중': 'float'에서 'LONG'(으)로 변환하면서 데이터가 손실될 수 있습니다.
D:\_git\ngp\WinAPI-지뢰 찾기와 오목\CommonMacroFunction.h(23,30): warning C4838: 'float'에서 'LONG'(으)로의 변환에는 축소 변환이 필요합니다.
D:\_git\ngp\WinAPI-지뢰 찾기와 오목\CommonMacroFunction.h(23,30): warning C4244: '초기화 중': 'float'에서 'LONG'(으)로 변환하면서 데이터가 손실될 수 있습니다.
D:\_git\ngp\WinAPI-지뢰 찾기와 오목\CommonMacroFunction.h(46,16): warning C4838: 'float'에서 'LONG'(으)로의 변환에는 축소 변환이 필요합니다.
D:\_git\ngp\WinAPI-지뢰 찾기와 오목\CommonMacroFunction.h(46,16): warning C4244: '초기화 중': 'float'에서 'LONG'(으)로 변환하면서 데이터가 손실될 수 있습니다.
D:\_git\ngp\WinAPI-지뢰 찾기와 오목\CommonMacroFunction.h(46,31): warning C4838: 'float'에서 'LONG'(으)로의 변환에는 축소 변환이 필요합니다.
D:\_git\ngp\WinAPI-지뢰 찾기와 오목\CommonMacroFunction.h(46,31): warning C4244: '초기화 중': 'float'에서 'LONG'(으)로 변환하면서 데이터가 손실될 수 있습니다.
D:\_git\ngp\WinAPI-지뢰 찾기와 오목\CommonMacroFunction.h(47,5): warning C4838: 'float'에서 'LONG'(으)로의 변환에는 축소 변환이 필요합니다.
D:\_git\ngp\WinAPI-지뢰 찾기와 오목\CommonMacroFunction.h(47,5): warning C4244: '초기화 중': 'float'에서 'LONG'(으)로 변환하면서 데이터가 손실될 수 있습니다.
D:\_git\ngp\WinAPI-지뢰 찾기와 오목\CommonMacroFunction.h(47,20): warning C4838: 'float'에서 'LONG'(으)로의 변환에는 축소 변환이 필요합니다.
D:\_git\ngp\WinAPI-지뢰 찾기와 오목\CommonMacroFunction.h(47,20): warning C4244: '초기화 중': 'float'에서 'LONG'(으)로 변환하면서 데이터가 손실될 수 있습니다.
D:\_git\ngp\WinAPI-지뢰 찾기와 오목\Image.h(149,31): warning C4244: '인수': 'float'에서 'int'(으)로 변환하면서 데이터가 손실될 수 있습니다.
D:\_git\ngp\WinAPI-지뢰 찾기와 오목\Image.h(149,15): warning C4244: '인수': 'float'에서 'int'(으)로 변환하면서 데이터가 손실될 수 있습니다.
D:\_git\ngp\WinAPI-지뢰 찾기와 오목\Image.h(159,31): warning C4244: '인수': 'float'에서 'int'(으)로 변환하면서 데이터가 손실될 수 있습니다.
  OmokClient.cpp
D:\_git\ngp\WinAPI-지뢰 찾기와 오목\Image.h(159,15): warning C4244: '인수': 'float'에서 'int'(으)로 변환하면서 데이터가 손실될 수 있습니다.
D:\_git\ngp\WinAPI-지뢰 찾기와 오목\CommonMacroFunction.h(23,20): warning C4838: 'float'에서 'LONG'(으)로의 변환에는 축소 변환이 필요합니다.
D:\_git\ngp\WinAPI-지뢰 찾기와 오목\CommonMacroFunction.h(23,20): warning C4244: '초기화 중': 'float'에서 'LONG'(으)로 변환하면서 데이터가 손실될 수 있습니다.
D:\_git\ngp\WinAPI-지뢰 찾기와 오목\CommonMacroFunction.h(23,30): warning C4838: 'float'에서 'LONG'(으)로의 변환에는 축소 변환이 필요합니다.
D:\_git\ngp\WinAPI-지뢰 찾기와 오목\CommonMacroFunction.h(23,30): warning C4244: '초기화 중': 'float'에서 'LONG'(으)로 변환하면서 데이터가 손실될 수 있습니다.
D:\_git\ngp\WinAPI-지뢰 찾기와 오목\CommonMacroFunction.h(46,16): warning C4838: 'float'에서 'LONG'(으)로의 변환에는 축소 변환이 필요합니다.
D:\_git\ngp\WinAPI-지뢰 찾기와 오목\CommonMacroFunction.h(46,16): warning C4244: '초기화 중': 'float'에서 'LONG'(으)로 변환하면서 데이터가 손실될 수 있습니다.
D:\_git\ngp\WinAPI-지뢰 찾기와 오목\CommonMacroFunction.h(46,31): warning C4838: 'float'에서 'LONG'(으)로의 변환에는 축소 변환이 필요합니다.
D:\_git\ngp\WinAPI-지뢰 찾기와 오목\CommonMacroFunction.h(46,31): warning C4244: '초기화 중': 'float'에서 'LONG'(으)로 변환하면서 데이터가 손실될 수 있습니다.
D:\_git\ngp\WinAPI-지뢰 찾기와 오목\CommonMacroFunction.h(47,5): warning C4838: 'float'에서 'LONG'(으)로의 변환에는 축소 변환이 필요합니다.
D:\_git\ngp\WinAPI-지뢰 찾기와 오목\CommonMacroFunction.h(47,5): warning C4244: '초기화 중': 'float'에서 'LONG'(으)로 변환하면서 데이터가 손실될 수 있습니다.
D:\_git\ngp\WinAPI-지뢰 찾기와 오목\CommonMacroFunction.h(47,20): warning C4838: 'float'에서 'LONG'(으)로의 변환에는 축소 변환이 필요합니다.
D:\_git\ngp\WinAPI-지뢰 찾기와 오목\CommonMacroFunction.h(47,20): warning C4244: '초기화 중': 'float'에서 'LONG'(으)로 변환하면서 데이터가 손실될 수 있습니다.
D:\_git\ngp\WinAPI-지뢰 찾기와 오목\Image.h(149,31): warning C4244: '인수': 'float'에서 'int'(으)로 변환하면서 데이터가 손실될 수 있습니다.
D:\_git\ngp\WinAPI-지뢰 찾기와 오목\Image.h(149,15): warning C4244: '인수': 'float'에서 'int'(으)로 변환하면서 데이터가 손실될 수 있습니다.
D:\_git\ngp\WinAPI-지뢰 찾기와 오목\Image.h(159,31): warning C4244: '인수': 'float'에서 'int'(으)로 변환하면서 데이터가 손실될 수 있습니다.
  OmokScene.cpp
D:\_git\ngp\WinAPI-지뢰 찾기와 오목\Image.h(159,15): warning C4244: '인수': 'float'에서 'int'(으)로 변환하면서 데이터가 손실될 수 있습니다.
D:\_git\ngp\WinAPI-지뢰 찾기와 오목\CommonMacroFunction.h(23,20): warning C4838: 'float'에서 'LONG'(으)로의 변환에는 축소 변환이 필요합니다.
D:\_git\ngp\WinAPI-지뢰 찾기와 오목\CommonMacroFunction.h(23,20): warning C4244: '초기화 중': 'float'에서 'LONG'(으)로 변환하면서 데이터가 손실될 수 있습니다.
D:\_git\ngp\WinAPI-지뢰 찾기와 오목\CommonMacroFunction.h(23,30): warning C4838: 'float'에서 'LONG'(으)로의 변환에는 축소 변환이 필요합니다.
D:\_git\ngp\WinAPI-지뢰 찾기와 오목\CommonMacroFunction.h(23,30): warning C4244: '초기화 중': 'float'에서 'LONG'(으)로 변환하면서 데이터가 손실될 수 있습니다.
D:\_git\ngp\WinAPI-지뢰 찾기와 오목\CommonMacroFunction.h(46,16): warning C4838: 'float'에서 'LONG'(으)로의 변환에는 축소 변환이 필요합니다.
D:\_git\ngp\WinAPI-지뢰 찾기와 오목\CommonMacroFunction.h(46,16): warning C4244: '초기화 중': 'float'에서 'LONG'(으)로 변환하면서 데이터가 손실될 수 있습니다.
D:\_git\ngp\WinAPI-지뢰 찾기와 오목\CommonMacroFunction.h(46,31): warning C4838: 'float'에서 'LONG'(으)로의 변환에는 축소 변환이 필요합니다.
D:\_git\ngp\WinAPI-지뢰 찾기와 오목\CommonMacroFunction.h(46,31): warning C4244: '초기화 중': 'float'에서 'LONG'(으)로 변환하면서 데이터가 손실될 수 있습니다.
D:\_git\ngp\WinAPI-지뢰 찾기와 오목\CommonMacroFunction.h(47,5): warning C4838: 'float'에서 'LONG'(으)로의 변환에는 축소 변환이 필요합니다.
D:\_git\ngp\WinAPI-지뢰 찾기와 오목\CommonMacroFunction.h(47,5): warning C4244: '초기화 중': 'float'에서 'LONG'(으)로 변환하면서 데이터가 손실될 수 있습니다.
D:\_git\ngp\WinAPI-지뢰 찾기와 오목\CommonMacroFunction.h(47,20): warning C4838: 'float'에서 'LONG'(으)로의 변환에는 축소 변환이 필요합니다.
D:\_git\ngp\WinAPI-지뢰 찾기와 오목\CommonMacroFunction.h(47,20): warning C4244: '초기화 중': 'float'에서 'LONG'(으)로 변환하면서 데이터가 손실될 수 있습니다.
D:\_git\ngp\WinAPI-지뢰 찾기와 오목\Image.h(149,31): warning C4244: '인수': 'float'에서 'int'(으)로 변환하면서 데이터가 손실될 수 있습니다.
D:\_git\ngp\WinAPI-지뢰 찾기와 오목\Image.h(149,15): warning C4244: '인수': 'float'에서 'int'(으)로 변환하면서 데이터가 손실될 수 있습니다.
D:\_git\ngp\WinAPI-지뢰 찾기와 오목\Image.h(159,31): warning C4244: '인수': 'float'에서 'int'(으)로 변환하면서 데이터가 손실될 수 있습니다.
  SceneManager.cpp
D:\_git\ngp\WinAPI-지뢰 찾기와 오목\Image.h(159,15): warning C4244: '인수': 'float'에서 'int'(으)로 변환하면서 데이터가 손실될 수 있습니다.
D:\_git\ngp\WinAPI-지뢰 찾기와 오목\CommonMacroFunction.h(23,20): warning C4838: 'float'에서 'LONG'(으)로의 변환에는 축소 변환이 필요합니다.
D:\_git\ngp\WinAPI-지뢰 찾기와 오목\CommonMacroFunction.h(23,20): warning C4244: '초기화 중': 'float'에서 'LONG'(으)로 변환하면서 데이터가 손실될 수 있습니다.
D:\_git\ngp\WinAPI-지뢰 찾기와 오목\CommonMacroFunction.h(23,30): warning C4838: 'float'에서 'LONG'(으)로의 변환에는 축소 변환이 필요합니다.
D:\_git\ngp\WinAPI-지뢰 찾기와 오목\CommonMacroFunction.h(23,30): warning C4244: '초기화 중': 'float'에서 'LONG'(으)로 변환하면서 데이터가 손실될 수 있습니다.
D:\_git\ngp\WinAPI-지뢰 찾기와 오목\CommonMacroFunction.h(46,16): warning C4838: 'float'에서 'LONG'(으)로의 변환에는 축소 변환이 필요합니다.
D:\_git\ngp\WinAPI-지뢰 찾기와 오목\CommonMacroFunction.h(46,16): warning C4244: '초기화 중': 'float'에서 'LONG'(으)로 변환하면서 데이터가 손실될 수 있습니다.
D:\_git\ngp\WinAPI-지뢰 찾기와 오목\CommonMacroFunction.h(46,31): warning C4838: 'float'에서 'LONG'(으)로의 변환에는 축소 변환이 필요합니다.
D:\_git\ngp\WinAPI-지뢰 찾기와 오목\CommonMacroFunction.h(46,31): warning C4244: '초기화 중': 'float'에서 'LONG'(으)로 변환하면서 데이터가 손실될 수 있습니다.
D:\_git\ngp\WinAPI-지뢰 찾기와 오목\CommonMacroFunction.h(47,5): warning C4838: 'float'에서 'LONG'(으)로의 변환에는 축소 변환이 필요합니다.
D:\_git\ngp\WinAPI-지뢰 찾기와 오목\CommonMacroFunction.h(47,5): warning C4244: '초기화 중': 'float'에서 'LONG'(으)로 변환하면서 데이터가 손실될 수 있습니다.
D:\_git\ngp\WinAPI-지뢰 찾기와 오목\CommonMacroFunction.h(47,20): warning C4838: 'float'에서 'LONG'(으)로의 변환에는 축소 변환이 필요합니다.
D:\_git\ngp\WinAPI-지뢰 찾기와 오목\CommonMacroFunction.h(47,20): warning C4244: '초기화 중': 'float'에서 'LONG'(으)로 변환하면서 데이터가 손실될 수 있습니다.
D:\_git\ngp\WinAPI-지뢰 찾기와 오목\Image.h(149,31): warning C4244: '인수': 'float'에서 'int'(으)로 변환하면서 데이터가 손실될 수 있습니다.
D:\_git\ngp\WinAPI-지뢰 찾기와 오목\Image.h(149,15): warning C4244: '인수': 'float'에서 'int'(으)로 변환하면서 데이터가 손실될 수 있습니다.
D:\_git\ngp\WinAPI-지뢰 찾기와 오목\Image.h(159,31): warning C4244: '인수': 'float'에서 'int'(으)로 변환하면서 데이터가 손실될 수 있습니다.
  Util.cpp
D:\_git\ngp\WinAPI-지뢰 찾기와 오목\Image.h(159,15): warning C4244: '인수': 'float'에서 'int'(으)로 변환하면서 데이터가 손실될 수 있습니다.
D:\_git\ngp\WinAPI-지뢰 찾기와 오목\CommonMacroFunction.h(23,20): warning C4838: 'float'에서 'LONG'(으)로의 변환에는 축소 변환이 필요합니다.
D:\_git\ngp\WinAPI-지뢰 찾기와 오목\CommonMacroFunction.h(23,20): warning C4244: '초기화 중': 'float'에서 'LONG'(으)로 변환하면서 데이터가 손실될 수 있습니다.
D:\_git\ngp\WinAPI-지뢰 찾기와 오목\CommonMacroFunction.h(23,30): warning C4838: 'float'에서 'LONG'(으)로의 변환에는 축소 변환이 필요합니다.
D:\_git\ngp\WinAPI-지뢰 찾기와 오목\CommonMacroFunction.h(23,30): warning C4244: '초기화 중': 'float'에서 'LONG'(으)로 변환하면서 데이터가 손실될 수 있습니다.
D:\_git\ngp\WinAPI-지뢰 찾기와 오목\CommonMacroFunction.h(46,16): warning C4838: 'float'에서 'LONG'(으)로의 변환에는 축소 변환이 필요합니다.
D:\_git\ngp\WinAPI-지뢰 찾기와 오목\CommonMacroFunction.h(46,16): warning C4244: '초기화 중': 'float'에서 'LONG'(으)로 변환하면서 데이터가 손실될 수 있습니다.
D:\_git\ngp\WinAPI-지뢰 찾기와 오목\CommonMacroFunction.h(46,31): warning C4838: 'float'에서 'LONG'(으)로의 변환에는 축소 변환이 필요합니다.
D:\_git\ngp\WinAPI-지뢰 찾기와 오목\CommonMacroFunction.h(46,31): warning C4244: '초기화 중': 'float'에서 'LONG'(으)로 변환하면서 데이터가 손실될 수 있습니다.
D:\_git\ngp\WinAPI-지뢰 찾기와 오목\CommonMacroFunction.h(47,5): warning C4838: 'float'에서 'LONG'(으)로의 변환에는 축소 변환이 필요합니다.
D:\_git\ngp\WinAPI-지뢰 찾기와 오목\CommonMacroFunction.h(47,5): warning C4244: '초기화 중': 'float'에서 'LONG'(으)로 변환하면서 데이터가 손실될 수 있습니다.
D:\_git\ngp\WinAPI-지뢰 찾기와 오목\CommonMacroFunction.h(47,20): warning C4838: 'float'에서 'LONG'(으)로의 변환에는 축소 변환이 필요합니다.
D:\_git\ngp\WinAPI-지뢰 찾기와 오목\CommonMacroFunction.h(47,20): warning C4244: '초기화 중': 'float'에서 'LONG'(으)로 변환하면서 데이터가 손실될 수 있습니다.
  WinAPI-지뢰 찾기와 오목.cpp
D:\_git\ngp\WinAPI-지뢰 찾기와 오목\Util.cpp(15,40): warning C4305: '-=': 'double'에서 'float'(으)로 잘립니다.
D:\_git\ngp\WinAPI-지뢰 찾기와 오목\CommonMacroFunction.h(23,20): warning C4838: 'float'에서 'LONG'(으)로의 변환에는 축소 변환이 필요합니다.
D:\_git\ngp\WinAPI-지뢰 찾기와 오목\CommonMacroFunction.h(23,20): warning C4244: '초기화 중': 'float'에서 'LONG'(으)로 변환하면서 데이터가 손실될 수 있습니다.
D:\_git\ngp\WinAPI-지뢰 찾기와 오목\CommonMacroFunction.h(23,30): warning C4838: 'float'에서 'LONG'(으)로의 변환에는 축소 변환이 필요합니다.
D:\_git\ngp\WinAPI-지뢰 찾기와 오목\CommonMacroFunction.h(23,30): warning C4244: '초기화 중': 'float'에서 'LONG'(으)로 변환하면서 데이터가 손실될 수 있습니다.
D:\_git\ngp\WinAPI-지뢰 찾기와 오목\CommonMacroFunction.h(46,16): warning C4838: 'float'에서 'LONG'(으)로의 변환에는 축소 변환이 필요합니다.
D:\_git\ngp\WinAPI-지뢰 찾기와 오목\CommonMacroFunction.h(46,16): warning C4244: '초기화 중': 'float'에서 'LONG'(으)로 변환하면서 데이터가 손실될 수 있습니다.
D:\_git\ngp\WinAPI-지뢰 찾기와 오목\CommonMacroFunction.h(46,31): warning C4838: 'float'에서 'LONG'(으)로의 변환에는 축소 변환이 필요합니다.
D:\_git\ngp\WinAPI-지뢰 찾기와 오목\CommonMacroFunction.h(46,31): warning C4244: '초기화 중': 'float'에서 'LONG'(으)로 변환하면서 데이터가 손실될 수 있습니다.
D:\_git\ngp\WinAPI-지뢰 찾기와 오목\CommonMacroFunction.h(47,5): warning C4838: 'float'에서 'LONG'(으)로의 변환에는 축소 변환이 필요합니다.
D:\_git\ngp\WinAPI-지뢰 찾기와 오목\CommonMacroFunction.h(47,5): warning C4244: '초기화 중': 'float'에서 'LONG'(으)로 변환하면서 데이터가 손실될 수 있습니다.
D:\_git\ngp\WinAPI-지뢰 찾기와 오목\CommonMacroFunction.h(47,20): warning C4838: 'float'에서 'LONG'(으)로의 변환에는 축소 변환이 필요합니다.
D:\_git\ngp\WinAPI-지뢰 찾기와 오목\CommonMacroFunction.h(47,20): warning C4244: '초기화 중': 'float'에서 'LONG'(으)로 변환하면서 데이터가 손실될 수 있습니다.
D:\_git\ngp\WinAPI-지뢰 찾기와 오목\Image.h(149,31): warning C4244: '인수': 'float'에서 'int'(으)로 변환하면서 데이터가 손실될 수 있습니다.
D:\_git\ngp\WinAPI-지뢰 찾기와 오목\Image.h(149,15): warning C4244: '인수': 'float'에서 'int'(으)로 변환하면서 데이터가 손실될 수 있습니다.
D:\_git\ngp\WinAPI-지뢰 찾기와 오목\Image.h(159,31): warning C4244: '인수': 'float'에서 'int'(으)로 변환하면서 데이터가 손실될 수 있습니다.
  common.cpp
D:\_git\ngp\WinAPI-지뢰 찾기와 오목\Image.h(159,15): warning C4244: '인수': 'float'에서 'int'(으)로 변환하면서 데이터가 손실될 수 있습니다.
D:\_git\ngp\WinAPI-지뢰 찾기와 오목\CommonMacroFunction.h(23,20): warning C4838: 'float'에서 'LONG'(으)로의 변환에는 축소 변환이 필요합니다.
D:\_git\ngp\WinAPI-지뢰 찾기와 오목\CommonMacroFunction.h(23,20): warning C4244: '초기화 중': 'float'에서 'LONG'(으)로 변환하면서 데이터가 손실될 수 있습니다.
D:\_git\ngp\WinAPI-지뢰 찾기와 오목\CommonMacroFunction.h(23,30): warning C4838: 'float'에서 'LONG'(으)로의 변환에는 축소 변환이 필요합니다.
D:\_git\ngp\WinAPI-지뢰 찾기와 오목\CommonMacroFunction.h(23,30): warning C4244: '초기화 중': 'float'에서 'LONG'(으)로 변환하면서 데이터가 손실될 수 있습니다.
D:\_git\ngp\WinAPI-지뢰 찾기와 오목\CommonMacroFunction.h(46,16): warning C4838: 'float'에서 'LONG'(으)로의 변환에는 축소 변환이 필요합니다.
D:\_git\ngp\WinAPI-지뢰 찾기와 오목\CommonMacroFunction.h(46,16): warning C4244: '초기화 중': 'float'에서 'LONG'(으)로 변환하면서 데이터가 손실될 수 있습니다.
D:\_git\ngp\WinAPI-지뢰 찾기와 오목\CommonMacroFunction.h(46,31): warning C4838: 'float'에서 'LONG'(으)로의 변환에는 축소 변환이 필요합니다.
D:\_git\ngp\WinAPI-지뢰 찾기와 오목\CommonMacroFunction.h(46,31): warning C4244: '초기화 중': 'float'에서 'LONG'(으)로 변환하면서 데이터가 손실될 수 있습니다.
D:\_git\ngp\WinAPI-지뢰 찾기와 오목\CommonMacroFunction.h(47,5): warning C4838: 'float'에서 'LONG'(으)로의 변환에는 축소 변환이 필요합니다.
D:\_git\ngp\WinAPI-지뢰 찾기와 오목\CommonMacroFunction.h(47,5): warning C4244: '초기화 중': 'float'에서 'LONG'(으)로 변환하면서 데이터가 손실될 수 있습니다.
D:\_git\ngp\WinAPI-지뢰 찾기와 오목\CommonMacroFunction.h(47,20): warning C4838: 'float'에서 'LONG'(으)로의 변환에는 축소 변환이 필요합니다.
D:\_git\ngp\WinAPI-지뢰 찾기와 오목\CommonMacroFunction.h(47,20): warning C4244: '초기화 중': 'float'에서 'LONG'(으)로 변환하면서 데이터가 손실될 수 있습니다.
D:\_git\ngp\WinAPI-지뢰 찾기와 오목\common.cpp(34,9): warning C4477: 'printf' : 서식 문자열 '%s'에 'char *' 형식의 인수가 필요하지만 variadic 인수 1의 형식이 'const wchar_t *'입니다.
D:\_git\ngp\WinAPI-지뢰 찾기와 오목\common.cpp(34,9): message : 서식 문자열에서 '%ls'을(를) 사용하는 것이 좋습니다.
D:\_git\ngp\WinAPI-지뢰 찾기와 오목\common.cpp(34,9): message : 서식 문자열에서 '%lls'을(를) 사용하는 것이 좋습니다.
D:\_git\ngp\WinAPI-지뢰 찾기와 오목\common.cpp(34,9): message : 서식 문자열에서 '%Ls'을(를) 사용하는 것이 좋습니다.
D:\_git\ngp\WinAPI-지뢰 찾기와 오목\common.cpp(34,9): message : 서식 문자열에서 '%ws'을(를) 사용하는 것이 좋습니다.
D:\_git\ngp\WinAPI-지뢰 찾기와 오목\common.cpp(34,9): warning C4477: 'printf' : 서식 문자열 '%ws'에 'wchar_t *' 형식의 인수가 필요하지만 variadic 인수 2의 형식이 'char *'입니다.
D:\_git\ngp\WinAPI-지뢰 찾기와 오목\common.cpp(34,9): message : 서식 문자열에서 '%hs'을(를) 사용하는 것이 좋습니다.
D:\_git\ngp\WinAPI-지뢰 찾기와 오목\common.cpp(34,9): message : 서식 문자열에서 '%s'을(를) 사용하는 것이 좋습니다.
  stdafx.cpp
D:\_git\ngp\WinAPI-지뢰 찾기와 오목\common.cpp(34,9): message : 서식 문자열에서 '%Ts'을(를) 사용하는 것이 좋습니다.
D:\_git\ngp\WinAPI-지뢰 찾기와 오목\CommonMacroFunction.h(23,20): warning C4838: 'float'에서 'LONG'(으)로의 변환에는 축소 변환이 필요합니다.
D:\_git\ngp\WinAPI-지뢰 찾기와 오목\CommonMacroFunction.h(23,20): warning C4244: '초기화 중': 'float'에서 'LONG'(으)로 변환하면서 데이터가 손실될 수 있습니다.
D:\_git\ngp\WinAPI-지뢰 찾기와 오목\CommonMacroFunction.h(23,30): warning C4838: 'float'에서 'LONG'(으)로의 변환에는 축소 변환이 필요합니다.
D:\_git\ngp\WinAPI-지뢰 찾기와 오목\CommonMacroFunction.h(23,30): warning C4244: '초기화 중': 'float'에서 'LONG'(으)로 변환하면서 데이터가 손실될 수 있습니다.
D:\_git\ngp\WinAPI-지뢰 찾기와 오목\CommonMacroFunction.h(46,16): warning C4838: 'float'에서 'LONG'(으)로의 변환에는 축소 변환이 필요합니다.
D:\_git\ngp\WinAPI-지뢰 찾기와 오목\CommonMacroFunction.h(46,16): warning C4244: '초기화 중': 'float'에서 'LONG'(으)로 변환하면서 데이터가 손실될 수 있습니다.
D:\_git\ngp\WinAPI-지뢰 찾기와 오목\CommonMacroFunction.h(46,31): warning C4838: 'float'에서 'LONG'(으)로의 변환에는 축소 변환이 필요합니다.
D:\_git\ngp\WinAPI-지뢰 찾기와 오목\CommonMacroFunction.h(46,31): warning C4244: '초기화 중': 'float'에서 'LONG'(으)로 변환하면서 데이터가 손실될 수 있습니다.
D:\_git\ngp\WinAPI-지뢰 찾기와 오목\CommonMacroFunction.h(47,5): warning C4838: 'float'에서 'LONG'(으)로의 변환에는 축소 변환이 필요합니다.
D:\_git\ngp\WinAPI-지뢰 찾기와 오목\CommonMacroFunction.h(47,5): warning C4244: '초기화 중': 'float'에서 'LONG'(으)로 변환하면서 데이터가 손실될 수 있습니다.
D:\_git\ngp\WinAPI-지뢰 찾기와 오목\CommonMacroFunction.h(47,20): warning C4838: 'float'에서 'LONG'(으)로의 변환에는 축소 변환이 필요합니다.
D:\_git\ngp\WinAPI-지뢰 찾기와 오목\CommonMacroFunction.h(47,20): warning C4244: '초기화 중': 'float'에서 'LONG'(으)로 변환하면서 데이터가 손실될 수 있습니다.
  WinAPI-지뢰 찾기와 오목.vcxproj -> D:\_git\ngp\WinAPI-지뢰 찾기와 오목\Debug\WinAPI-지뢰 찾기와 오목.exe
