d:\_git\ngp\omokserver\omokserver\x64\debug\vc142.pdb
d:\_git\ngp\omokserver\omokserver\x64\debug\vc142.idb
d:\_git\ngp\omokserver\omokserver\x64\debug\stdafx.obj
d:\_git\ngp\omokserver\omokserver\x64\debug\session.obj
d:\_git\ngp\omokserver\omokserver\x64\debug\selecttcpserver(reference).obj
d:\_git\ngp\omokserver\omokserver\x64\debug\omokserver.obj
d:\_git\ngp\omokserver\omokserver\x64\debug\omok.obj
d:\_git\ngp\omokserver\omokserver\x64\debug\gameui.obj
d:\_git\ngp\omokserver\omokserver\x64\debug\common.obj
d:\_git\ngp\omokserver\omokserver\x64\debug\windows_func.obj
d:\_git\ngp\omokserver\x64\debug\omokserver.exe
d:\_git\ngp\omokserver\x64\debug\omokserver.ilk
d:\_git\ngp\omokserver\x64\debug\omokserver.pdb
d:\_git\ngp\omokserver\omokserver\x64\debug\omok.obj.enc
d:\_git\ngp\omokserver\omokserver\x64\debug\omokserver.obj.enc
d:\_git\ngp\omokserver\omokserver\x64\debug\omokserver.tlog\cl.command.1.tlog
d:\_git\ngp\omokserver\omokserver\x64\debug\omokserver.tlog\cl.read.1.tlog
d:\_git\ngp\omokserver\omokserver\x64\debug\omokserver.tlog\cl.write.1.tlog
d:\_git\ngp\omokserver\omokserver\x64\debug\omokserver.tlog\link.command.1.tlog
d:\_git\ngp\omokserver\omokserver\x64\debug\omokserver.tlog\link.read.1.tlog
d:\_git\ngp\omokserver\omokserver\x64\debug\omokserver.tlog\link.write.1.tlog
