  Omok.cpp
  OmokServer.cpp
D:\_git\ngp\OmokServer\OmokServer\OmokServer.cpp(218,131): warning C4267: '인수': 'size_t'에서 'int'(으)로 변환하면서 데이터가 손실될 수 있습니다.
D:\_git\ngp\OmokServer\OmokServer\OmokServer.cpp(260,124): warning C4267: '인수': 'size_t'에서 'int'(으)로 변환하면서 데이터가 손실될 수 있습니다.
D:\_git\ngp\OmokServer\OmokServer\OmokServer.cpp(494,87): warning C4267: '인수': 'size_t'에서 'int'(으)로 변환하면서 데이터가 손실될 수 있습니다.
D:\_git\ngp\OmokServer\OmokServer\OmokServer.cpp(497,10): warning C4477: 'printf' : 서식 문자열 '%d'에 'int' 형식의 인수가 필요하지만 variadic 인수 2의 형식이 'size_t'입니다.
  SelectTCPServer(reference).cpp
D:\_git\ngp\OmokServer\OmokServer\OmokServer.cpp(497,10): message : 서식 문자열에서 '%zd'을(를) 사용하는 것이 좋습니다.
  Session.cpp
D:\_git\ngp\OmokServer\OmokServer\SelectTCPServer(reference).cpp(286,1): warning C4326: 'main'의 반환 형식이 'int'이어야 하는데 'void'입니다.
  common.cpp
D:\_git\ngp\OmokServer\OmokServer\Session.cpp(90,2): warning C4060: switch문에 'case' 또는 'default' 레이블이 없습니다.
D:\_git\ngp\OmokServer\OmokServer\common.cpp(34,9): warning C4477: 'printf' : 서식 문자열 '%s'에 'char *' 형식의 인수가 필요하지만 variadic 인수 1의 형식이 'const wchar_t *'입니다.
D:\_git\ngp\OmokServer\OmokServer\common.cpp(34,9): message : 서식 문자열에서 '%ls'을(를) 사용하는 것이 좋습니다.
D:\_git\ngp\OmokServer\OmokServer\common.cpp(34,9): message : 서식 문자열에서 '%lls'을(를) 사용하는 것이 좋습니다.
D:\_git\ngp\OmokServer\OmokServer\common.cpp(34,9): message : 서식 문자열에서 '%Ls'을(를) 사용하는 것이 좋습니다.
D:\_git\ngp\OmokServer\OmokServer\common.cpp(34,9): message : 서식 문자열에서 '%ws'을(를) 사용하는 것이 좋습니다.
D:\_git\ngp\OmokServer\OmokServer\common.cpp(34,9): warning C4477: 'printf' : 서식 문자열 '%ws'에 'wchar_t *' 형식의 인수가 필요하지만 variadic 인수 2의 형식이 'char *'입니다.
D:\_git\ngp\OmokServer\OmokServer\common.cpp(34,9): message : 서식 문자열에서 '%hs'을(를) 사용하는 것이 좋습니다.
D:\_git\ngp\OmokServer\OmokServer\common.cpp(34,9): message : 서식 문자열에서 '%s'을(를) 사용하는 것이 좋습니다.
  stdafx.cpp
D:\_git\ngp\OmokServer\OmokServer\common.cpp(34,9): message : 서식 문자열에서 '%Ts'을(를) 사용하는 것이 좋습니다.
  코드를 생성하고 있습니다.
  0 of 286 functions ( 0.0%) were compiled, the rest were copied from previous compilation.
    0 functions were new in current compilation
    0 functions had inline decision re-evaluated but remain unchanged
  코드를 생성했습니다.
  OmokServer.vcxproj -> D:\_git\ngp\OmokServer\x64\Release\OmokServer.exe
